# JRE version: OpenJDK Runtime Environment Temurin-17.0.12+7 (17.0.12+7) (build 17.0.12+7)
# Java VM: OpenJDK 64-Bit Server VM Temurin-17.0.12+7 (17.0.12+7, mixed mode, tiered, compressed oops, compressed class ptrs, parallel gc, windows-amd64)
GC Precious Log:
 CPUs: 16 total, 16 available
 Memory: 15791M
 Large Page Support: Disabled
 NUMA Support: Disabled
 Compressed Oops: Enabled (32-bit)
 Alignments: Space 512K, Generation 512K, Heap 2M
 Heap Min Capacity: 100M
 Heap Initial Capacity: 100M
 Heap Max Capacity: 1G
 Pre-touch: Disabled
 Parallel Workers: 13
Heap:
 PSYoungGen      total 11264K, used 5232K [0x00000000eab00000, 0x00000000eba80000, 0x0000000100000000)
  eden space 9216K, 34% used [0x00000000eab00000,0x00000000eae1d508,0x00000000eb400000)
  from space 2048K, 99% used [0x00000000eb880000,0x00000000eba7eb50,0x00000000eba80000)
  to   space 3072K, 0% used [0x00000000eb480000,0x00000000eb480000,0x00000000eb780000)
 ParOldGen       total 116736K, used 99076K [0x00000000c0000000, 0x00000000c7200000, 0x00000000eab00000)
  object space 116736K, 84% used [0x00000000c0000000,0x00000000c60c12a0,0x00000000c7200000)
 Metaspace       used 64349K, committed 65600K, reserved 1114112K
  class space    used 6880K, committed 7424K, reserved 1048576K
GC Heap History (20 events):
Event: 7.394 GC heap before
{Heap before GC invocations=57 (full 4):
 PSYoungGen      total 11776K, used 11344K [0x00000000eab00000, 0x00000000eb900000, 0x0000000100000000)
  eden space 9216K, 100% used [0x00000000eab00000,0x00000000eb400000,0x00000000eb400000)
  from space 2560K, 83% used [0x00000000eb400000,0x00000000eb6142d8,0x00000000eb680000)
  to   space 2560K, 0% used [0x00000000eb680000,0x00000000eb680000,0x00000000eb900000)
 ParOldGen       total 93696K, used 83378K [0x00000000c0000000, 0x00000000c5b80000, 0x00000000eab00000)
  object space 93696K, 88% used [0x00000000c0000000,0x00000000c516cbb0,0x00000000c5b80000)
 Metaspace       used 62609K, committed 63808K, reserved 1114112K
  class space    used 6715K, committed 7232K, reserved 1048576K
}
Event: 7.396 GC heap after
{Heap after GC invocations=57 (full 4):
 PSYoungGen      total 11776K, used 2295K [0x00000000eab00000, 0x00000000eb900000, 0x0000000100000000)
  eden space 9216K, 0% used [0x00000000eab00000,0x00000000eab00000,0x00000000eb400000)
  from space 2560K, 89% used [0x00000000eb680000,0x00000000eb8bdf78,0x00000000eb900000)
  to   space 2560K, 0% used [0x00000000eb400000,0x00000000eb400000,0x00000000eb680000)
 ParOldGen       total 93696K, used 85292K [0x00000000c0000000, 0x00000000c5b80000, 0x00000000eab00000)
  object space 93696K, 91% used [0x00000000c0000000,0x00000000c534b208,0x00000000c5b80000)
 Metaspace       used 62609K, committed 63808K, reserved 1114112K
  class space    used 6715K, committed 7232K, reserved 1048576K
}
Event: 7.422 GC heap before
{Heap before GC invocations=58 (full 4):
 PSYoungGen      total 11776K, used 11511K [0x00000000eab00000, 0x00000000eb900000, 0x0000000100000000)
  eden space 9216K, 100% used [0x00000000eab00000,0x00000000eb400000,0x00000000eb400000)
  from space 2560K, 89% used [0x00000000eb680000,0x00000000eb8bdf78,0x00000000eb900000)
  to   space 2560K, 0% used [0x00000000eb400000,0x00000000eb400000,0x00000000eb680000)
 ParOldGen       total 93696K, used 85292K [0x00000000c0000000, 0x00000000c5b80000, 0x00000000eab00000)
  object space 93696K, 91% used [0x00000000c0000000,0x00000000c534b208,0x00000000c5b80000)
 Metaspace       used 62756K, committed 63936K, reserved 1114112K
  class space    used 6718K, committed 7232K, reserved 1048576K
}
Event: 7.425 GC heap after
{Heap after GC invocations=58 (full 4):
 PSYoungGen      total 11776K, used 2286K [0x00000000eab00000, 0x00000000eb900000, 0x0000000100000000)
  eden space 9216K, 0% used [0x00000000eab00000,0x00000000eab00000,0x00000000eb400000)
  from space 2560K, 89% used [0x00000000eb400000,0x00000000eb63b890,0x00000000eb680000)
  to   space 2560K, 0% used [0x00000000eb680000,0x00000000eb680000,0x00000000eb900000)
 ParOldGen       total 93696K, used 87300K [0x00000000c0000000, 0x00000000c5b80000, 0x00000000eab00000)
  object space 93696K, 93% used [0x00000000c0000000,0x00000000c5541368,0x00000000c5b80000)
 Metaspace       used 62756K, committed 63936K, reserved 1114112K
  class space    used 6718K, committed 7232K, reserved 1048576K
}
Event: 7.455 GC heap before
{Heap before GC invocations=59 (full 4):
 PSYoungGen      total 11776K, used 11502K [0x00000000eab00000, 0x00000000eb900000, 0x0000000100000000)
  eden space 9216K, 100% used [0x00000000eab00000,0x00000000eb400000,0x00000000eb400000)
  from space 2560K, 89% used [0x00000000eb400000,0x00000000eb63b890,0x00000000eb680000)
  to   space 2560K, 0% used [0x00000000eb680000,0x00000000eb680000,0x00000000eb900000)
 ParOldGen       total 93696K, used 87300K [0x00000000c0000000, 0x00000000c5b80000, 0x00000000eab00000)
  object space 93696K, 93% used [0x00000000c0000000,0x00000000c5541368,0x00000000c5b80000)
 Metaspace       used 63015K, committed 64192K, reserved 1114112K
  class space    used 6721K, committed 7232K, reserved 1048576K
}
Event: 7.457 GC heap after
{Heap after GC invocations=59 (full 4):
 PSYoungGen      total 11776K, used 2007K [0x00000000eab00000, 0x00000000eb900000, 0x0000000100000000)
  eden space 9216K, 0% used [0x00000000eab00000,0x00000000eab00000,0x00000000eb400000)
  from space 2560K, 78% used [0x00000000eb680000,0x00000000eb875d90,0x00000000eb900000)
  to   space 2560K, 0% used [0x00000000eb400000,0x00000000eb400000,0x00000000eb680000)
 ParOldGen       total 93696K, used 89366K [0x00000000c0000000, 0x00000000c5b80000, 0x00000000eab00000)
  object space 93696K, 95% used [0x00000000c0000000,0x00000000c5745828,0x00000000c5b80000)
 Metaspace       used 63015K, committed 64192K, reserved 1114112K
  class space    used 6721K, committed 7232K, reserved 1048576K
}
Event: 7.494 GC heap before
{Heap before GC invocations=60 (full 4):
 PSYoungGen      total 11776K, used 11166K [0x00000000eab00000, 0x00000000eb900000, 0x0000000100000000)
  eden space 9216K, 99% used [0x00000000eab00000,0x00000000eb3f1c00,0x00000000eb400000)
  from space 2560K, 78% used [0x00000000eb680000,0x00000000eb875d90,0x00000000eb900000)
  to   space 2560K, 0% used [0x00000000eb400000,0x00000000eb400000,0x00000000eb680000)
 ParOldGen       total 93696K, used 89366K [0x00000000c0000000, 0x00000000c5b80000, 0x00000000eab00000)
  object space 93696K, 95% used [0x00000000c0000000,0x00000000c5745828,0x00000000c5b80000)
 Metaspace       used 63166K, committed 64384K, reserved 1114112K
  class space    used 6740K, committed 7296K, reserved 1048576K
}
Event: 7.496 GC heap after
{Heap after GC invocations=60 (full 4):
 PSYoungGen      total 11776K, used 2135K [0x00000000eab00000, 0x00000000eb900000, 0x0000000100000000)
  eden space 9216K, 0% used [0x00000000eab00000,0x00000000eab00000,0x00000000eb400000)
  from space 2560K, 83% used [0x00000000eb400000,0x00000000eb615cc0,0x00000000eb680000)
  to   space 2560K, 0% used [0x00000000eb680000,0x00000000eb680000,0x00000000eb900000)
 ParOldGen       total 93696K, used 91113K [0x00000000c0000000, 0x00000000c5b80000, 0x00000000eab00000)
  object space 93696K, 97% used [0x00000000c0000000,0x00000000c58fa598,0x00000000c5b80000)
 Metaspace       used 63166K, committed 64384K, reserved 1114112K
  class space    used 6740K, committed 7296K, reserved 1048576K
}
Event: 7.539 GC heap before
{Heap before GC invocations=61 (full 4):
 PSYoungGen      total 11776K, used 11351K [0x00000000eab00000, 0x00000000eb900000, 0x0000000100000000)
  eden space 9216K, 100% used [0x00000000eab00000,0x00000000eb400000,0x00000000eb400000)
  from space 2560K, 83% used [0x00000000eb400000,0x00000000eb615cc0,0x00000000eb680000)
  to   space 2560K, 0% used [0x00000000eb680000,0x00000000eb680000,0x00000000eb900000)
 ParOldGen       total 93696K, used 91113K [0x00000000c0000000, 0x00000000c5b80000, 0x00000000eab00000)
  object space 93696K, 97% used [0x00000000c0000000,0x00000000c58fa598,0x00000000c5b80000)
 Metaspace       used 63447K, committed 64704K, reserved 1114112K
  class space    used 6773K, committed 7360K, reserved 1048576K
}
Event: 7.542 GC heap after
{Heap after GC invocations=61 (full 4):
 PSYoungGen      total 11776K, used 2171K [0x00000000eab00000, 0x00000000eb900000, 0x0000000100000000)
  eden space 9216K, 0% used [0x00000000eab00000,0x00000000eab00000,0x00000000eb400000)
  from space 2560K, 84% used [0x00000000eb680000,0x00000000eb89ec38,0x00000000eb900000)
  to   space 2560K, 0% used [0x00000000eb400000,0x00000000eb400000,0x00000000eb680000)
 ParOldGen       total 93696K, used 92840K [0x00000000c0000000, 0x00000000c5b80000, 0x00000000eab00000)
  object space 93696K, 99% used [0x00000000c0000000,0x00000000c5aaa030,0x00000000c5b80000)
 Metaspace       used 63447K, committed 64704K, reserved 1114112K
  class space    used 6773K, committed 7360K, reserved 1048576K
}
Event: 7.542 GC heap before
{Heap before GC invocations=62 (full 5):
 PSYoungGen      total 11776K, used 2171K [0x00000000eab00000, 0x00000000eb900000, 0x0000000100000000)
  eden space 9216K, 0% used [0x00000000eab00000,0x00000000eab00000,0x00000000eb400000)
  from space 2560K, 84% used [0x00000000eb680000,0x00000000eb89ec38,0x00000000eb900000)
  to   space 2560K, 0% used [0x00000000eb400000,0x00000000eb400000,0x00000000eb680000)
 ParOldGen       total 93696K, used 92840K [0x00000000c0000000, 0x00000000c5b80000, 0x00000000eab00000)
  object space 93696K, 99% used [0x00000000c0000000,0x00000000c5aaa030,0x00000000c5b80000)
 Metaspace       used 63447K, committed 64704K, reserved 1114112K
  class space    used 6773K, committed 7360K, reserved 1048576K
}
Event: 7.606 GC heap after
{Heap after GC invocations=62 (full 5):
 PSYoungGen      total 11776K, used 0K [0x00000000eab00000, 0x00000000eb900000, 0x0000000100000000)
  eden space 9216K, 0% used [0x00000000eab00000,0x00000000eab00000,0x00000000eb400000)
  from space 2560K, 0% used [0x00000000eb400000,0x00000000eb400000,0x00000000eb680000)
  to   space 2560K, 0% used [0x00000000eb680000,0x00000000eb680000,0x00000000eb900000)
 ParOldGen       total 116736K, used 90345K [0x00000000c0000000, 0x00000000c7200000, 0x00000000eab00000)
  object space 116736K, 77% used [0x00000000c0000000,0x00000000c583a7a0,0x00000000c7200000)
 Metaspace       used 63447K, committed 64704K, reserved 1114112K
  class space    used 6773K, committed 7360K, reserved 1048576K
}
Event: 7.650 GC heap before
{Heap before GC invocations=63 (full 5):
 PSYoungGen      total 11776K, used 9216K [0x00000000eab00000, 0x00000000eb900000, 0x0000000100000000)
  eden space 9216K, 100% used [0x00000000eab00000,0x00000000eb400000,0x00000000eb400000)
  from space 2560K, 0% used [0x00000000eb400000,0x00000000eb400000,0x00000000eb680000)
  to   space 2560K, 0% used [0x00000000eb680000,0x00000000eb680000,0x00000000eb900000)
 ParOldGen       total 116736K, used 90345K [0x00000000c0000000, 0x00000000c7200000, 0x00000000eab00000)
  object space 116736K, 77% used [0x00000000c0000000,0x00000000c583a7a0,0x00000000c7200000)
 Metaspace       used 63588K, committed 64832K, reserved 1114112K
  class space    used 6785K, committed 7360K, reserved 1048576K
}
Event: 7.652 GC heap after
{Heap after GC invocations=63 (full 5):
 PSYoungGen      total 11776K, used 2141K [0x00000000eab00000, 0x00000000eb900000, 0x0000000100000000)
  eden space 9216K, 0% used [0x00000000eab00000,0x00000000eab00000,0x00000000eb400000)
  from space 2560K, 83% used [0x00000000eb680000,0x00000000eb8975c0,0x00000000eb900000)
  to   space 2560K, 0% used [0x00000000eb400000,0x00000000eb400000,0x00000000eb680000)
 ParOldGen       total 116736K, used 90345K [0x00000000c0000000, 0x00000000c7200000, 0x00000000eab00000)
  object space 116736K, 77% used [0x00000000c0000000,0x00000000c583a7a0,0x00000000c7200000)
 Metaspace       used 63588K, committed 64832K, reserved 1114112K
  class space    used 6785K, committed 7360K, reserved 1048576K
}
Event: 7.687 GC heap before
{Heap before GC invocations=64 (full 5):
 PSYoungGen      total 11776K, used 11357K [0x00000000eab00000, 0x00000000eb900000, 0x0000000100000000)
  eden space 9216K, 100% used [0x00000000eab00000,0x00000000eb400000,0x00000000eb400000)
  from space 2560K, 83% used [0x00000000eb680000,0x00000000eb8975c0,0x00000000eb900000)
  to   space 2560K, 0% used [0x00000000eb400000,0x00000000eb400000,0x00000000eb680000)
 ParOldGen       total 116736K, used 90345K [0x00000000c0000000, 0x00000000c7200000, 0x00000000eab00000)
  object space 116736K, 77% used [0x00000000c0000000,0x00000000c583a7a0,0x00000000c7200000)
 Metaspace       used 63823K, committed 65088K, reserved 1114112K
  class space    used 6801K, committed 7360K, reserved 1048576K
}
Event: 7.689 GC heap after
{Heap after GC invocations=64 (full 5):
 PSYoungGen      total 11776K, used 2555K [0x00000000eab00000, 0x00000000ebd00000, 0x0000000100000000)
  eden space 9216K, 0% used [0x00000000eab00000,0x00000000eab00000,0x00000000eb400000)
  from space 2560K, 99% used [0x00000000eb400000,0x00000000eb67ee88,0x00000000eb680000)
  to   space 4608K, 0% used [0x00000000eb880000,0x00000000eb880000,0x00000000ebd00000)
 ParOldGen       total 116736K, used 91641K [0x00000000c0000000, 0x00000000c7200000, 0x00000000eab00000)
  object space 116736K, 78% used [0x00000000c0000000,0x00000000c597e6e0,0x00000000c7200000)
 Metaspace       used 63823K, committed 65088K, reserved 1114112K
  class space    used 6801K, committed 7360K, reserved 1048576K
}
Event: 7.731 GC heap before
{Heap before GC invocations=65 (full 5):
 PSYoungGen      total 11776K, used 11771K [0x00000000eab00000, 0x00000000ebd00000, 0x0000000100000000)
  eden space 9216K, 100% used [0x00000000eab00000,0x00000000eb400000,0x00000000eb400000)
  from space 2560K, 99% used [0x00000000eb400000,0x00000000eb67ee88,0x00000000eb680000)
  to   space 4608K, 0% used [0x00000000eb880000,0x00000000eb880000,0x00000000ebd00000)
 ParOldGen       total 116736K, used 91641K [0x00000000c0000000, 0x00000000c7200000, 0x00000000eab00000)
  object space 116736K, 78% used [0x00000000c0000000,0x00000000c597e6e0,0x00000000c7200000)
 Metaspace       used 64065K, committed 65408K, reserved 1114112K
  class space    used 6842K, committed 7424K, reserved 1048576K
}
Event: 7.734 GC heap after
{Heap after GC invocations=65 (full 5):
 PSYoungGen      total 11264K, used 1906K [0x00000000eab00000, 0x00000000eba80000, 0x0000000100000000)
  eden space 9216K, 0% used [0x00000000eab00000,0x00000000eab00000,0x00000000eb400000)
  from space 2048K, 93% used [0x00000000eb880000,0x00000000eba5cb38,0x00000000eba80000)
  to   space 3072K, 0% used [0x00000000eb480000,0x00000000eb480000,0x00000000eb780000)
 ParOldGen       total 116736K, used 94141K [0x00000000c0000000, 0x00000000c7200000, 0x00000000eab00000)
  object space 116736K, 80% used [0x00000000c0000000,0x00000000c5bef6e0,0x00000000c7200000)
 Metaspace       used 64065K, committed 65408K, reserved 1114112K
  class space    used 6842K, committed 7424K, reserved 1048576K
}
Event: 7.766 GC heap before
{Heap before GC invocations=66 (full 5):
 PSYoungGen      total 11264K, used 11122K [0x00000000eab00000, 0x00000000eba80000, 0x0000000100000000)
  eden space 9216K, 100% used [0x00000000eab00000,0x00000000eb400000,0x00000000eb400000)
  from space 2048K, 93% used [0x00000000eb880000,0x00000000eba5cb38,0x00000000eba80000)
  to   space 3072K, 0% used [0x00000000eb480000,0x00000000eb480000,0x00000000eb780000)
 ParOldGen       total 116736K, used 94141K [0x00000000c0000000, 0x00000000c7200000, 0x00000000eab00000)
  object space 116736K, 80% used [0x00000000c0000000,0x00000000c5bef6e0,0x00000000c7200000)
 Metaspace       used 64204K, committed 65536K, reserved 1114112K
  class space    used 6864K, committed 7424K, reserved 1048576K
}
Event: 7.769 GC heap after
{Heap after GC invocations=66 (full 5):
 PSYoungGen      total 12288K, used 3071K [0x00000000eab00000, 0x00000000eba80000, 0x0000000100000000)
  eden space 9216K, 0% used [0x00000000eab00000,0x00000000eab00000,0x00000000eb400000)
  from space 3072K, 99% used [0x00000000eb480000,0x00000000eb77fd98,0x00000000eb780000)
  to   space 2048K, 0% used [0x00000000eb880000,0x00000000eb880000,0x00000000eba80000)
 ParOldGen       total 116736K, used 95884K [0x00000000c0000000, 0x00000000c7200000, 0x00000000eab00000)
  object space 116736K, 82% used [0x00000000c0000000,0x00000000c5da31e0,0x00000000c7200000)
 Metaspace       used 64204K, committed 65536K, reserved 1114112K
  class space    used 6864K, committed 7424K, reserved 1048576K
}

