# JRE version: OpenJDK Runtime Environment Temurin-17.0.12+7 (17.0.12+7) (build 17.0.12+7)
# Java VM: OpenJDK 64-Bit Server VM Temurin-17.0.12+7 (17.0.12+7, mixed mode, tiered, compressed oops, compressed class ptrs, parallel gc, windows-amd64)
GC Precious Log:
 CPUs: 16 total, 16 available
 Memory: 15791M
 Large Page Support: Disabled
 NUMA Support: Disabled
 Compressed Oops: Enabled (32-bit)
 Alignments: Space 512K, Generation 512K, Heap 2M
 Heap Min Capacity: 100M
 Heap Initial Capacity: 100M
 Heap Max Capacity: 1G
 Pre-touch: Disabled
 Parallel Workers: 13
Heap:
 PSYoungGen      total 26112K, used 12170K [0x00000000eab00000, 0x00000000ee000000, 0x0000000100000000)
  eden space 19456K, 29% used [0x00000000eab00000,0x00000000eb0acb18,0x00000000ebe00000)
  from space 6656K, 95% used [0x00000000ed980000,0x00000000edfb5d38,0x00000000ee000000)
  to   space 8192K, 0% used [0x00000000ed000000,0x00000000ed000000,0x00000000ed800000)
 ParOldGen       total 342528K, used 308414K [0x00000000c0000000, 0x00000000d4e80000, 0x00000000eab00000)
  object space 342528K, 90% used [0x00000000c0000000,0x00000000d2d2fb68,0x00000000d4e80000)
 Metaspace       used 76622K, committed 78016K, reserved 1179648K
  class space    used 7887K, committed 8512K, reserved 1048576K
GC Heap History (20 events):
Event: 13.071 GC heap before
{Heap before GC invocations=184 (full 11):
 PSYoungGen      total 43008K, used 42576K [0x00000000eab00000, 0x00000000ee280000, 0x0000000100000000)
  eden space 30720K, 100% used [0x00000000eab00000,0x00000000ec900000,0x00000000ec900000)
  from space 12288K, 96% used [0x00000000ed680000,0x00000000ee214010,0x00000000ee280000)
  to   space 12288K, 0% used [0x00000000eca80000,0x00000000eca80000,0x00000000ed680000)
 ParOldGen       total 275456K, used 262079K [0x00000000c0000000, 0x00000000d0d00000, 0x00000000eab00000)
  object space 275456K, 95% used [0x00000000c0000000,0x00000000cffeff40,0x00000000d0d00000)
 Metaspace       used 75552K, committed 76992K, reserved 1179648K
  class space    used 7791K, committed 8448K, reserved 1048576K
}
Event: 13.078 GC heap after
{Heap after GC invocations=184 (full 11):
 PSYoungGen      total 44544K, used 12272K [0x00000000eab00000, 0x00000000eeb00000, 0x0000000100000000)
  eden space 32256K, 0% used [0x00000000eab00000,0x00000000eab00000,0x00000000eca80000)
  from space 12288K, 99% used [0x00000000eca80000,0x00000000ed67c010,0x00000000ed680000)
  to   space 15872K, 0% used [0x00000000edb80000,0x00000000edb80000,0x00000000eeb00000)
 ParOldGen       total 275456K, used 265076K [0x00000000c0000000, 0x00000000d0d00000, 0x00000000eab00000)
  object space 275456K, 96% used [0x00000000c0000000,0x00000000d02dd148,0x00000000d0d00000)
 Metaspace       used 75552K, committed 76992K, reserved 1179648K
  class space    used 7791K, committed 8448K, reserved 1048576K
}
Event: 13.144 GC heap before
{Heap before GC invocations=185 (full 11):
 PSYoungGen      total 44544K, used 44528K [0x00000000eab00000, 0x00000000eeb00000, 0x0000000100000000)
  eden space 32256K, 100% used [0x00000000eab00000,0x00000000eca80000,0x00000000eca80000)
  from space 12288K, 99% used [0x00000000eca80000,0x00000000ed67c010,0x00000000ed680000)
  to   space 15872K, 0% used [0x00000000edb80000,0x00000000edb80000,0x00000000eeb00000)
 ParOldGen       total 275456K, used 265076K [0x00000000c0000000, 0x00000000d0d00000, 0x00000000eab00000)
  object space 275456K, 96% used [0x00000000c0000000,0x00000000d02dd148,0x00000000d0d00000)
 Metaspace       used 75581K, committed 76992K, reserved 1179648K
  class space    used 7797K, committed 8448K, reserved 1048576K
}
Event: 13.155 GC heap after
{Heap after GC invocations=185 (full 11):
 PSYoungGen      total 47616K, used 10624K [0x00000000eab00000, 0x00000000ee700000, 0x0000000100000000)
  eden space 35840K, 0% used [0x00000000eab00000,0x00000000eab00000,0x00000000ece00000)
  from space 11776K, 90% used [0x00000000edb80000,0x00000000ee5e0000,0x00000000ee700000)
  to   space 12800K, 0% used [0x00000000ece00000,0x00000000ece00000,0x00000000eda80000)
 ParOldGen       total 275456K, used 271724K [0x00000000c0000000, 0x00000000d0d00000, 0x00000000eab00000)
  object space 275456K, 98% used [0x00000000c0000000,0x00000000d095b158,0x00000000d0d00000)
 Metaspace       used 75581K, committed 76992K, reserved 1179648K
  class space    used 7797K, committed 8448K, reserved 1048576K
}
Event: 13.155 GC heap before
{Heap before GC invocations=186 (full 12):
 PSYoungGen      total 47616K, used 10624K [0x00000000eab00000, 0x00000000ee700000, 0x0000000100000000)
  eden space 35840K, 0% used [0x00000000eab00000,0x00000000eab00000,0x00000000ece00000)
  from space 11776K, 90% used [0x00000000edb80000,0x00000000ee5e0000,0x00000000ee700000)
  to   space 12800K, 0% used [0x00000000ece00000,0x00000000ece00000,0x00000000eda80000)
 ParOldGen       total 275456K, used 271724K [0x00000000c0000000, 0x00000000d0d00000, 0x00000000eab00000)
  object space 275456K, 98% used [0x00000000c0000000,0x00000000d095b158,0x00000000d0d00000)
 Metaspace       used 75581K, committed 76992K, reserved 1179648K
  class space    used 7797K, committed 8448K, reserved 1048576K
}
Event: 13.253 GC heap after
{Heap after GC invocations=186 (full 12):
 PSYoungGen      total 48640K, used 0K [0x00000000eab00000, 0x00000000eeb00000, 0x0000000100000000)
  eden space 35840K, 0% used [0x00000000eab00000,0x00000000eab00000,0x00000000ece00000)
  from space 12800K, 0% used [0x00000000ece00000,0x00000000ece00000,0x00000000eda80000)
  to   space 12800K, 0% used [0x00000000ede80000,0x00000000ede80000,0x00000000eeb00000)
 ParOldGen       total 342528K, used 270424K [0x00000000c0000000, 0x00000000d4e80000, 0x00000000eab00000)
  object space 342528K, 78% used [0x00000000c0000000,0x00000000d08161b0,0x00000000d4e80000)
 Metaspace       used 75581K, committed 76992K, reserved 1179648K
  class space    used 7797K, committed 8448K, reserved 1048576K
}
Event: 13.330 GC heap before
{Heap before GC invocations=187 (full 12):
 PSYoungGen      total 48640K, used 35840K [0x00000000eab00000, 0x00000000eeb00000, 0x0000000100000000)
  eden space 35840K, 100% used [0x00000000eab00000,0x00000000ece00000,0x00000000ece00000)
  from space 12800K, 0% used [0x00000000ece00000,0x00000000ece00000,0x00000000eda80000)
  to   space 12800K, 0% used [0x00000000ede80000,0x00000000ede80000,0x00000000eeb00000)
 ParOldGen       total 342528K, used 270424K [0x00000000c0000000, 0x00000000d4e80000, 0x00000000eab00000)
  object space 342528K, 78% used [0x00000000c0000000,0x00000000d08161b0,0x00000000d4e80000)
 Metaspace       used 76215K, committed 77632K, reserved 1179648K
  class space    used 7859K, committed 8512K, reserved 1048576K
}
Event: 13.333 GC heap after
{Heap after GC invocations=187 (full 12):
 PSYoungGen      total 45056K, used 5509K [0x00000000eab00000, 0x00000000ee400000, 0x0000000100000000)
  eden space 39424K, 0% used [0x00000000eab00000,0x00000000eab00000,0x00000000ed180000)
  from space 5632K, 97% used [0x00000000ede80000,0x00000000ee3e1420,0x00000000ee400000)
  to   space 8192K, 0% used [0x00000000ed400000,0x00000000ed400000,0x00000000edc00000)
 ParOldGen       total 342528K, used 270432K [0x00000000c0000000, 0x00000000d4e80000, 0x00000000eab00000)
  object space 342528K, 78% used [0x00000000c0000000,0x00000000d08181b0,0x00000000d4e80000)
 Metaspace       used 76215K, committed 77632K, reserved 1179648K
  class space    used 7859K, committed 8512K, reserved 1048576K
}
Event: 13.427 GC heap before
{Heap before GC invocations=188 (full 12):
 PSYoungGen      total 45056K, used 44933K [0x00000000eab00000, 0x00000000ee400000, 0x0000000100000000)
  eden space 39424K, 100% used [0x00000000eab00000,0x00000000ed180000,0x00000000ed180000)
  from space 5632K, 97% used [0x00000000ede80000,0x00000000ee3e1420,0x00000000ee400000)
  to   space 8192K, 0% used [0x00000000ed400000,0x00000000ed400000,0x00000000edc00000)
 ParOldGen       total 342528K, used 270432K [0x00000000c0000000, 0x00000000d4e80000, 0x00000000eab00000)
  object space 342528K, 78% used [0x00000000c0000000,0x00000000d08181b0,0x00000000d4e80000)
 Metaspace       used 76304K, committed 77696K, reserved 1179648K
  class space    used 7862K, committed 8512K, reserved 1048576K
}
Event: 13.431 GC heap after
{Heap after GC invocations=188 (full 12):
 PSYoungGen      total 47104K, used 8165K [0x00000000eab00000, 0x00000000ee800000, 0x0000000100000000)
  eden space 38912K, 0% used [0x00000000eab00000,0x00000000eab00000,0x00000000ed100000)
  from space 8192K, 99% used [0x00000000ed400000,0x00000000edbf9420,0x00000000edc00000)
  to   space 11776K, 0% used [0x00000000edc80000,0x00000000edc80000,0x00000000ee800000)
 ParOldGen       total 342528K, used 272949K [0x00000000c0000000, 0x00000000d4e80000, 0x00000000eab00000)
  object space 342528K, 79% used [0x00000000c0000000,0x00000000d0a8d7c8,0x00000000d4e80000)
 Metaspace       used 76304K, committed 77696K, reserved 1179648K
  class space    used 7862K, committed 8512K, reserved 1048576K
}
Event: 13.500 GC heap before
{Heap before GC invocations=189 (full 12):
 PSYoungGen      total 47104K, used 47077K [0x00000000eab00000, 0x00000000ee800000, 0x0000000100000000)
  eden space 38912K, 100% used [0x00000000eab00000,0x00000000ed100000,0x00000000ed100000)
  from space 8192K, 99% used [0x00000000ed400000,0x00000000edbf9420,0x00000000edc00000)
  to   space 11776K, 0% used [0x00000000edc80000,0x00000000edc80000,0x00000000ee800000)
 ParOldGen       total 342528K, used 272949K [0x00000000c0000000, 0x00000000d4e80000, 0x00000000eab00000)
  object space 342528K, 79% used [0x00000000c0000000,0x00000000d0a8d7c8,0x00000000d4e80000)
 Metaspace       used 76348K, committed 77760K, reserved 1179648K
  class space    used 7871K, committed 8512K, reserved 1048576K
}
Event: 13.506 GC heap after
{Heap after GC invocations=189 (full 12):
 PSYoungGen      total 47616K, used 11765K [0x00000000eab00000, 0x00000000eed80000, 0x0000000100000000)
  eden space 35840K, 0% used [0x00000000eab00000,0x00000000eab00000,0x00000000ece00000)
  from space 11776K, 99% used [0x00000000edc80000,0x00000000ee7fd450,0x00000000ee800000)
  to   space 14848K, 0% used [0x00000000ece00000,0x00000000ece00000,0x00000000edc80000)
 ParOldGen       total 342528K, used 274829K [0x00000000c0000000, 0x00000000d4e80000, 0x00000000eab00000)
  object space 342528K, 80% used [0x00000000c0000000,0x00000000d0c637c8,0x00000000d4e80000)
 Metaspace       used 76348K, committed 77760K, reserved 1179648K
  class space    used 7871K, committed 8512K, reserved 1048576K
}
Event: 13.787 GC heap before
{Heap before GC invocations=190 (full 12):
 PSYoungGen      total 47616K, used 47067K [0x00000000eab00000, 0x00000000eed80000, 0x0000000100000000)
  eden space 35840K, 98% used [0x00000000eab00000,0x00000000ecd799b0,0x00000000ece00000)
  from space 11776K, 99% used [0x00000000edc80000,0x00000000ee7fd450,0x00000000ee800000)
  to   space 14848K, 0% used [0x00000000ece00000,0x00000000ece00000,0x00000000edc80000)
 ParOldGen       total 342528K, used 274829K [0x00000000c0000000, 0x00000000d4e80000, 0x00000000eab00000)
  object space 342528K, 80% used [0x00000000c0000000,0x00000000d0c637c8,0x00000000d4e80000)
 Metaspace       used 76378K, committed 77760K, reserved 1179648K
  class space    used 7875K, committed 8512K, reserved 1048576K
}
Event: 13.799 GC heap after
{Heap after GC invocations=190 (full 12):
 PSYoungGen      total 50176K, used 14845K [0x00000000eab00000, 0x00000000f0980000, 0x0000000100000000)
  eden space 35328K, 0% used [0x00000000eab00000,0x00000000eab00000,0x00000000ecd80000)
  from space 14848K, 99% used [0x00000000ece00000,0x00000000edc7f770,0x00000000edc80000)
  to   space 30720K, 0% used [0x00000000eeb80000,0x00000000eeb80000,0x00000000f0980000)
 ParOldGen       total 342528K, used 287921K [0x00000000c0000000, 0x00000000d4e80000, 0x00000000eab00000)
  object space 342528K, 84% used [0x00000000c0000000,0x00000000d192c600,0x00000000d4e80000)
 Metaspace       used 76378K, committed 77760K, reserved 1179648K
  class space    used 7875K, committed 8512K, reserved 1048576K
}
Event: 14.201 GC heap before
{Heap before GC invocations=191 (full 12):
 PSYoungGen      total 50176K, used 50173K [0x00000000eab00000, 0x00000000f0980000, 0x0000000100000000)
  eden space 35328K, 100% used [0x00000000eab00000,0x00000000ecd80000,0x00000000ecd80000)
  from space 14848K, 99% used [0x00000000ece00000,0x00000000edc7f770,0x00000000edc80000)
  to   space 30720K, 0% used [0x00000000eeb80000,0x00000000eeb80000,0x00000000f0980000)
 ParOldGen       total 342528K, used 287921K [0x00000000c0000000, 0x00000000d4e80000, 0x00000000eab00000)
  object space 342528K, 84% used [0x00000000c0000000,0x00000000d192c600,0x00000000d4e80000)
 Metaspace       used 76378K, committed 77760K, reserved 1179648K
  class space    used 7875K, committed 8512K, reserved 1048576K
}
Event: 14.234 GC heap after
{Heap after GC invocations=191 (full 12):
 PSYoungGen      total 50176K, used 30718K [0x00000000eab00000, 0x00000000f2800000, 0x0000000100000000)
  eden space 19456K, 0% used [0x00000000eab00000,0x00000000eab00000,0x00000000ebe00000)
  from space 30720K, 99% used [0x00000000eeb80000,0x00000000f097fb38,0x00000000f0980000)
  to   space 46592K, 0% used [0x00000000ebe00000,0x00000000ebe00000,0x00000000eeb80000)
 ParOldGen       total 342528K, used 300466K [0x00000000c0000000, 0x00000000d4e80000, 0x00000000eab00000)
  object space 342528K, 87% used [0x00000000c0000000,0x00000000d256c918,0x00000000d4e80000)
 Metaspace       used 76378K, committed 77760K, reserved 1179648K
  class space    used 7875K, committed 8512K, reserved 1048576K
}
Event: 14.755 GC heap before
{Heap before GC invocations=192 (full 12):
 PSYoungGen      total 50176K, used 50174K [0x00000000eab00000, 0x00000000f2800000, 0x0000000100000000)
  eden space 19456K, 100% used [0x00000000eab00000,0x00000000ebe00000,0x00000000ebe00000)
  from space 30720K, 99% used [0x00000000eeb80000,0x00000000f097fb38,0x00000000f0980000)
  to   space 46592K, 0% used [0x00000000ebe00000,0x00000000ebe00000,0x00000000eeb80000)
 ParOldGen       total 342528K, used 300466K [0x00000000c0000000, 0x00000000d4e80000, 0x00000000eab00000)
  object space 342528K, 87% used [0x00000000c0000000,0x00000000d256c918,0x00000000d4e80000)
 Metaspace       used 76415K, committed 77824K, reserved 1179648K
  class space    used 7876K, committed 8512K, reserved 1048576K
}
Event: 14.764 GC heap after
{Heap after GC invocations=192 (full 12):
 PSYoungGen      total 24064K, used 4244K [0x00000000eab00000, 0x00000000eec00000, 0x0000000100000000)
  eden space 19456K, 0% used [0x00000000eab00000,0x00000000eab00000,0x00000000ebe00000)
  from space 4608K, 92% used [0x00000000ebe00000,0x00000000ec2251f8,0x00000000ec280000)
  to   space 18944K, 0% used [0x00000000ed980000,0x00000000ed980000,0x00000000eec00000)
 ParOldGen       total 342528K, used 308406K [0x00000000c0000000, 0x00000000d4e80000, 0x00000000eab00000)
  object space 342528K, 90% used [0x00000000c0000000,0x00000000d2d2db68,0x00000000d4e80000)
 Metaspace       used 76415K, committed 77824K, reserved 1179648K
  class space    used 7876K, committed 8512K, reserved 1048576K
}
Event: 30.732 GC heap before
{Heap before GC invocations=193 (full 12):
 PSYoungGen      total 24064K, used 23700K [0x00000000eab00000, 0x00000000eec00000, 0x0000000100000000)
  eden space 19456K, 100% used [0x00000000eab00000,0x00000000ebe00000,0x00000000ebe00000)
  from space 4608K, 92% used [0x00000000ebe00000,0x00000000ec2251f8,0x00000000ec280000)
  to   space 18944K, 0% used [0x00000000ed980000,0x00000000ed980000,0x00000000eec00000)
 ParOldGen       total 342528K, used 308406K [0x00000000c0000000, 0x00000000d4e80000, 0x00000000eab00000)
  object space 342528K, 90% used [0x00000000c0000000,0x00000000d2d2db68,0x00000000d4e80000)
 Metaspace       used 76465K, committed 77888K, reserved 1179648K
  class space    used 7878K, committed 8512K, reserved 1048576K
}
Event: 30.739 GC heap after
{Heap after GC invocations=193 (full 12):
 PSYoungGen      total 26112K, used 6359K [0x00000000eab00000, 0x00000000ee000000, 0x0000000100000000)
  eden space 19456K, 0% used [0x00000000eab00000,0x00000000eab00000,0x00000000ebe00000)
  from space 6656K, 95% used [0x00000000ed980000,0x00000000edfb5d38,0x00000000ee000000)
  to   space 8192K, 0% used [0x00000000ed000000,0x00000000ed000000,0x00000000ed800000)
 ParOldGen       total 342528K, used 308414K [0x00000000c0000000, 0x00000000d4e80000, 0x00000000eab00000)
  object space 342528K, 90% used [0x00000000c0000000,0x00000000d2d2fb68,0x00000000d4e80000)
 Metaspace       used 76465K, committed 77888K, reserved 1179648K
  class space    used 7878K, committed 8512K, reserved 1048576K
}

