# JRE version: OpenJDK Runtime Environment Temurin-17.0.12+7 (17.0.12+7) (build 17.0.12+7)
# Java VM: OpenJDK 64-Bit Server VM Temurin-17.0.12+7 (17.0.12+7, mixed mode, tiered, compressed oops, compressed class ptrs, parallel gc, windows-amd64)
GC Precious Log:
 CPUs: 16 total, 16 available
 Memory: 15791M
 Large Page Support: Disabled
 NUMA Support: Disabled
 Compressed Oops: Enabled (32-bit)
 Alignments: Space 512K, Generation 512K, Heap 2M
 Heap Min Capacity: 100M
 Heap Initial Capacity: 100M
 Heap Max Capacity: 1G
 Pre-touch: Disabled
 Parallel Workers: 13
Heap:
 PSYoungGen      total 23040K, used 4191K [0x00000000eab00000, 0x00000000ec380000, 0x0000000100000000)
  eden space 21504K, 13% used [0x00000000eab00000,0x00000000eadcfc98,0x00000000ec000000)
  from space 1536K, 85% used [0x00000000ec200000,0x00000000ec348000,0x00000000ec380000)
  to   space 1536K, 0% used [0x00000000ec080000,0x00000000ec080000,0x00000000ec200000)
 ParOldGen       total 68608K, used 21340K [0x00000000c0000000, 0x00000000c4300000, 0x00000000eab00000)
  object space 68608K, 31% used [0x00000000c0000000,0x00000000c14d70f8,0x00000000c4300000)
 Metaspace       used 51792K, committed 52864K, reserved 1114112K
  class space    used 5564K, committed 6016K, reserved 1048576K
GC Heap History (20 events):
Event: 12.290 GC heap before
{Heap before GC invocations=11 (full 1):
 PSYoungGen      total 26112K, used 25739K [0x00000000eab00000, 0x00000000ec800000, 0x0000000100000000)
  eden space 23552K, 100% used [0x00000000eab00000,0x00000000ec200000,0x00000000ec200000)
  from space 2560K, 85% used [0x00000000ec280000,0x00000000ec4a2f40,0x00000000ec500000)
  to   space 3072K, 0% used [0x00000000ec500000,0x00000000ec500000,0x00000000ec800000)
 ParOldGen       total 68608K, used 12369K [0x00000000c0000000, 0x00000000c4300000, 0x00000000eab00000)
  object space 68608K, 18% used [0x00000000c0000000,0x00000000c0c14778,0x00000000c4300000)
 Metaspace       used 34960K, committed 35648K, reserved 1114112K
  class space    used 3427K, committed 3712K, reserved 1048576K
}
Event: 12.292 GC heap after
{Heap after GC invocations=11 (full 1):
 PSYoungGen      total 26112K, used 2653K [0x00000000eab00000, 0x00000000ec800000, 0x0000000100000000)
  eden space 23040K, 0% used [0x00000000eab00000,0x00000000eab00000,0x00000000ec180000)
  from space 3072K, 86% used [0x00000000ec500000,0x00000000ec797500,0x00000000ec800000)
  to   space 3072K, 0% used [0x00000000ec200000,0x00000000ec200000,0x00000000ec500000)
 ParOldGen       total 68608K, used 14257K [0x00000000c0000000, 0x00000000c4300000, 0x00000000eab00000)
  object space 68608K, 20% used [0x00000000c0000000,0x00000000c0dec5c0,0x00000000c4300000)
 Metaspace       used 34960K, committed 35648K, reserved 1114112K
  class space    used 3427K, committed 3712K, reserved 1048576K
}
Event: 12.308 GC heap before
{Heap before GC invocations=12 (full 1):
 PSYoungGen      total 26112K, used 4458K [0x00000000eab00000, 0x00000000ec800000, 0x0000000100000000)
  eden space 23040K, 7% used [0x00000000eab00000,0x00000000eacc33d8,0x00000000ec180000)
  from space 3072K, 86% used [0x00000000ec500000,0x00000000ec797500,0x00000000ec800000)
  to   space 3072K, 0% used [0x00000000ec200000,0x00000000ec200000,0x00000000ec500000)
 ParOldGen       total 68608K, used 14257K [0x00000000c0000000, 0x00000000c4300000, 0x00000000eab00000)
  object space 68608K, 20% used [0x00000000c0000000,0x00000000c0dec5c0,0x00000000c4300000)
 Metaspace       used 35119K, committed 35840K, reserved 1114112K
  class space    used 3440K, committed 3776K, reserved 1048576K
}
Event: 12.310 GC heap after
{Heap after GC invocations=12 (full 1):
 PSYoungGen      total 23552K, used 443K [0x00000000eab00000, 0x00000000ec580000, 0x0000000100000000)
  eden space 23040K, 0% used [0x00000000eab00000,0x00000000eab00000,0x00000000ec180000)
  from space 512K, 86% used [0x00000000ec200000,0x00000000ec26ef80,0x00000000ec280000)
  to   space 1536K, 0% used [0x00000000ec400000,0x00000000ec400000,0x00000000ec580000)
 ParOldGen       total 68608K, used 16761K [0x00000000c0000000, 0x00000000c4300000, 0x00000000eab00000)
  object space 68608K, 24% used [0x00000000c0000000,0x00000000c105e6d8,0x00000000c4300000)
 Metaspace       used 35119K, committed 35840K, reserved 1114112K
  class space    used 3440K, committed 3776K, reserved 1048576K
}
Event: 12.310 GC heap before
{Heap before GC invocations=13 (full 2):
 PSYoungGen      total 23552K, used 443K [0x00000000eab00000, 0x00000000ec580000, 0x0000000100000000)
  eden space 23040K, 0% used [0x00000000eab00000,0x00000000eab00000,0x00000000ec180000)
  from space 512K, 86% used [0x00000000ec200000,0x00000000ec26ef80,0x00000000ec280000)
  to   space 1536K, 0% used [0x00000000ec400000,0x00000000ec400000,0x00000000ec580000)
 ParOldGen       total 68608K, used 16761K [0x00000000c0000000, 0x00000000c4300000, 0x00000000eab00000)
  object space 68608K, 24% used [0x00000000c0000000,0x00000000c105e6d8,0x00000000c4300000)
 Metaspace       used 35119K, committed 35840K, reserved 1114112K
  class space    used 3440K, committed 3776K, reserved 1048576K
}
Event: 12.334 GC heap after
{Heap after GC invocations=13 (full 2):
 PSYoungGen      total 23552K, used 0K [0x00000000eab00000, 0x00000000ec580000, 0x0000000100000000)
  eden space 23040K, 0% used [0x00000000eab00000,0x00000000eab00000,0x00000000ec180000)
  from space 512K, 0% used [0x00000000ec200000,0x00000000ec200000,0x00000000ec280000)
  to   space 1536K, 0% used [0x00000000ec400000,0x00000000ec400000,0x00000000ec580000)
 ParOldGen       total 68608K, used 15532K [0x00000000c0000000, 0x00000000c4300000, 0x00000000eab00000)
  object space 68608K, 22% used [0x00000000c0000000,0x00000000c0f2b178,0x00000000c4300000)
 Metaspace       used 35106K, committed 35840K, reserved 1114112K
  class space    used 3437K, committed 3776K, reserved 1048576K
}
Event: 12.657 GC heap before
{Heap before GC invocations=14 (full 2):
 PSYoungGen      total 23552K, used 23040K [0x00000000eab00000, 0x00000000ec580000, 0x0000000100000000)
  eden space 23040K, 100% used [0x00000000eab00000,0x00000000ec180000,0x00000000ec180000)
  from space 512K, 0% used [0x00000000ec200000,0x00000000ec200000,0x00000000ec280000)
  to   space 1536K, 0% used [0x00000000ec400000,0x00000000ec400000,0x00000000ec580000)
 ParOldGen       total 68608K, used 15532K [0x00000000c0000000, 0x00000000c4300000, 0x00000000eab00000)
  object space 68608K, 22% used [0x00000000c0000000,0x00000000c0f2b178,0x00000000c4300000)
 Metaspace       used 38467K, committed 39488K, reserved 1114112K
  class space    used 3834K, committed 4288K, reserved 1048576K
}
Event: 12.658 GC heap after
{Heap after GC invocations=14 (full 2):
 PSYoungGen      total 24064K, used 1513K [0x00000000eab00000, 0x00000000ec580000, 0x0000000100000000)
  eden space 22528K, 0% used [0x00000000eab00000,0x00000000eab00000,0x00000000ec100000)
  from space 1536K, 98% used [0x00000000ec400000,0x00000000ec57a4a8,0x00000000ec580000)
  to   space 2048K, 0% used [0x00000000ec180000,0x00000000ec180000,0x00000000ec380000)
 ParOldGen       total 68608K, used 15556K [0x00000000c0000000, 0x00000000c4300000, 0x00000000eab00000)
  object space 68608K, 22% used [0x00000000c0000000,0x00000000c0f31178,0x00000000c4300000)
 Metaspace       used 38467K, committed 39488K, reserved 1114112K
  class space    used 3834K, committed 4288K, reserved 1048576K
}
Event: 12.842 GC heap before
{Heap before GC invocations=15 (full 2):
 PSYoungGen      total 24064K, used 24041K [0x00000000eab00000, 0x00000000ec580000, 0x0000000100000000)
  eden space 22528K, 100% used [0x00000000eab00000,0x00000000ec100000,0x00000000ec100000)
  from space 1536K, 98% used [0x00000000ec400000,0x00000000ec57a4a8,0x00000000ec580000)
  to   space 2048K, 0% used [0x00000000ec180000,0x00000000ec180000,0x00000000ec380000)
 ParOldGen       total 68608K, used 15556K [0x00000000c0000000, 0x00000000c4300000, 0x00000000eab00000)
  object space 68608K, 22% used [0x00000000c0000000,0x00000000c0f31178,0x00000000c4300000)
 Metaspace       used 40370K, committed 41280K, reserved 1114112K
  class space    used 4055K, committed 4416K, reserved 1048576K
}
Event: 12.843 GC heap after
{Heap after GC invocations=15 (full 2):
 PSYoungGen      total 23040K, used 768K [0x00000000eab00000, 0x00000000ec480000, 0x0000000100000000)
  eden space 22016K, 0% used [0x00000000eab00000,0x00000000eab00000,0x00000000ec080000)
  from space 1024K, 75% used [0x00000000ec180000,0x00000000ec240000,0x00000000ec280000)
  to   space 1536K, 0% used [0x00000000ec300000,0x00000000ec300000,0x00000000ec480000)
 ParOldGen       total 68608K, used 16941K [0x00000000c0000000, 0x00000000c4300000, 0x00000000eab00000)
  object space 68608K, 24% used [0x00000000c0000000,0x00000000c108b7f8,0x00000000c4300000)
 Metaspace       used 40370K, committed 41280K, reserved 1114112K
  class space    used 4055K, committed 4416K, reserved 1048576K
}
Event: 13.098 GC heap before
{Heap before GC invocations=16 (full 2):
 PSYoungGen      total 23040K, used 22784K [0x00000000eab00000, 0x00000000ec480000, 0x0000000100000000)
  eden space 22016K, 100% used [0x00000000eab00000,0x00000000ec080000,0x00000000ec080000)
  from space 1024K, 75% used [0x00000000ec180000,0x00000000ec240000,0x00000000ec280000)
  to   space 1536K, 0% used [0x00000000ec300000,0x00000000ec300000,0x00000000ec480000)
 ParOldGen       total 68608K, used 16941K [0x00000000c0000000, 0x00000000c4300000, 0x00000000eab00000)
  object space 68608K, 24% used [0x00000000c0000000,0x00000000c108b7f8,0x00000000c4300000)
 Metaspace       used 43030K, committed 43968K, reserved 1114112K
  class space    used 4407K, committed 4800K, reserved 1048576K
}
Event: 13.101 GC heap after
{Heap after GC invocations=16 (full 2):
 PSYoungGen      total 23040K, used 1517K [0x00000000eab00000, 0x00000000ec680000, 0x0000000100000000)
  eden space 21504K, 0% used [0x00000000eab00000,0x00000000eab00000,0x00000000ec000000)
  from space 1536K, 98% used [0x00000000ec300000,0x00000000ec47b6d0,0x00000000ec480000)
  to   space 3072K, 0% used [0x00000000ec000000,0x00000000ec000000,0x00000000ec300000)
 ParOldGen       total 68608K, used 17766K [0x00000000c0000000, 0x00000000c4300000, 0x00000000eab00000)
  object space 68608K, 25% used [0x00000000c0000000,0x00000000c1159818,0x00000000c4300000)
 Metaspace       used 43030K, committed 43968K, reserved 1114112K
  class space    used 4407K, committed 4800K, reserved 1048576K
}
Event: 13.340 GC heap before
{Heap before GC invocations=17 (full 2):
 PSYoungGen      total 23040K, used 23021K [0x00000000eab00000, 0x00000000ec680000, 0x0000000100000000)
  eden space 21504K, 100% used [0x00000000eab00000,0x00000000ec000000,0x00000000ec000000)
  from space 1536K, 98% used [0x00000000ec300000,0x00000000ec47b6d0,0x00000000ec480000)
  to   space 3072K, 0% used [0x00000000ec000000,0x00000000ec000000,0x00000000ec300000)
 ParOldGen       total 68608K, used 17766K [0x00000000c0000000, 0x00000000c4300000, 0x00000000eab00000)
  object space 68608K, 25% used [0x00000000c0000000,0x00000000c1159818,0x00000000c4300000)
 Metaspace       used 44578K, committed 45568K, reserved 1114112K
  class space    used 4646K, committed 5056K, reserved 1048576K
}
Event: 13.341 GC heap after
{Heap after GC invocations=17 (full 2):
 PSYoungGen      total 22528K, used 704K [0x00000000eab00000, 0x00000000ec380000, 0x0000000100000000)
  eden space 21504K, 0% used [0x00000000eab00000,0x00000000eab00000,0x00000000ec000000)
  from space 1024K, 68% used [0x00000000ec000000,0x00000000ec0b0000,0x00000000ec100000)
  to   space 1536K, 0% used [0x00000000ec200000,0x00000000ec200000,0x00000000ec380000)
 ParOldGen       total 68608K, used 19248K [0x00000000c0000000, 0x00000000c4300000, 0x00000000eab00000)
  object space 68608K, 28% used [0x00000000c0000000,0x00000000c12cc0e8,0x00000000c4300000)
 Metaspace       used 44578K, committed 45568K, reserved 1114112K
  class space    used 4646K, committed 5056K, reserved 1048576K
}
Event: 13.536 GC heap before
{Heap before GC invocations=18 (full 2):
 PSYoungGen      total 22528K, used 22208K [0x00000000eab00000, 0x00000000ec380000, 0x0000000100000000)
  eden space 21504K, 100% used [0x00000000eab00000,0x00000000ec000000,0x00000000ec000000)
  from space 1024K, 68% used [0x00000000ec000000,0x00000000ec0b0000,0x00000000ec100000)
  to   space 1536K, 0% used [0x00000000ec200000,0x00000000ec200000,0x00000000ec380000)
 ParOldGen       total 68608K, used 19248K [0x00000000c0000000, 0x00000000c4300000, 0x00000000eab00000)
  object space 68608K, 28% used [0x00000000c0000000,0x00000000c12cc0e8,0x00000000c4300000)
 Metaspace       used 46521K, committed 47552K, reserved 1114112K
  class space    used 4898K, committed 5312K, reserved 1048576K
}
Event: 13.537 GC heap after
{Heap after GC invocations=18 (full 2):
 PSYoungGen      total 22528K, used 832K [0x00000000eab00000, 0x00000000ec300000, 0x0000000100000000)
  eden space 21504K, 0% used [0x00000000eab00000,0x00000000eab00000,0x00000000ec000000)
  from space 1024K, 81% used [0x00000000ec200000,0x00000000ec2d0000,0x00000000ec300000)
  to   space 1024K, 0% used [0x00000000ec000000,0x00000000ec000000,0x00000000ec100000)
 ParOldGen       total 68608K, used 19760K [0x00000000c0000000, 0x00000000c4300000, 0x00000000eab00000)
  object space 68608K, 28% used [0x00000000c0000000,0x00000000c134c0e8,0x00000000c4300000)
 Metaspace       used 46521K, committed 47552K, reserved 1114112K
  class space    used 4898K, committed 5312K, reserved 1048576K
}
Event: 13.753 GC heap before
{Heap before GC invocations=19 (full 2):
 PSYoungGen      total 22528K, used 22336K [0x00000000eab00000, 0x00000000ec300000, 0x0000000100000000)
  eden space 21504K, 100% used [0x00000000eab00000,0x00000000ec000000,0x00000000ec000000)
  from space 1024K, 81% used [0x00000000ec200000,0x00000000ec2d0000,0x00000000ec300000)
  to   space 1024K, 0% used [0x00000000ec000000,0x00000000ec000000,0x00000000ec100000)
 ParOldGen       total 68608K, used 19760K [0x00000000c0000000, 0x00000000c4300000, 0x00000000eab00000)
  object space 68608K, 28% used [0x00000000c0000000,0x00000000c134c0e8,0x00000000c4300000)
 Metaspace       used 49022K, committed 50048K, reserved 1114112K
  class space    used 5224K, committed 5632K, reserved 1048576K
}
Event: 13.754 GC heap after
{Heap after GC invocations=19 (full 2):
 PSYoungGen      total 22528K, used 1024K [0x00000000eab00000, 0x00000000ec400000, 0x0000000100000000)
  eden space 21504K, 0% used [0x00000000eab00000,0x00000000eab00000,0x00000000ec000000)
  from space 1024K, 100% used [0x00000000ec000000,0x00000000ec100000,0x00000000ec100000)
  to   space 2048K, 0% used [0x00000000ec200000,0x00000000ec200000,0x00000000ec400000)
 ParOldGen       total 68608K, used 20368K [0x00000000c0000000, 0x00000000c4300000, 0x00000000eab00000)
  object space 68608K, 29% used [0x00000000c0000000,0x00000000c13e40e8,0x00000000c4300000)
 Metaspace       used 49022K, committed 50048K, reserved 1114112K
  class space    used 5224K, committed 5632K, reserved 1048576K
}
Event: 13.996 GC heap before
{Heap before GC invocations=20 (full 2):
 PSYoungGen      total 22528K, used 22528K [0x00000000eab00000, 0x00000000ec400000, 0x0000000100000000)
  eden space 21504K, 100% used [0x00000000eab00000,0x00000000ec000000,0x00000000ec000000)
  from space 1024K, 100% used [0x00000000ec000000,0x00000000ec100000,0x00000000ec100000)
  to   space 2048K, 0% used [0x00000000ec200000,0x00000000ec200000,0x00000000ec400000)
 ParOldGen       total 68608K, used 20368K [0x00000000c0000000, 0x00000000c4300000, 0x00000000eab00000)
  object space 68608K, 29% used [0x00000000c0000000,0x00000000c13e40e8,0x00000000c4300000)
 Metaspace       used 51434K, committed 52416K, reserved 1114112K
  class space    used 5518K, committed 5952K, reserved 1048576K
}
Event: 13.997 GC heap after
{Heap after GC invocations=20 (full 2):
 PSYoungGen      total 23040K, used 1312K [0x00000000eab00000, 0x00000000ec380000, 0x0000000100000000)
  eden space 21504K, 0% used [0x00000000eab00000,0x00000000eab00000,0x00000000ec000000)
  from space 1536K, 85% used [0x00000000ec200000,0x00000000ec348000,0x00000000ec380000)
  to   space 1536K, 0% used [0x00000000ec080000,0x00000000ec080000,0x00000000ec200000)
 ParOldGen       total 68608K, used 21340K [0x00000000c0000000, 0x00000000c4300000, 0x00000000eab00000)
  object space 68608K, 31% used [0x00000000c0000000,0x00000000c14d70f8,0x00000000c4300000)
 Metaspace       used 51434K, committed 52416K, reserved 1114112K
  class space    used 5518K, committed 5952K, reserved 1048576K
}

